cli-build/gradle-build/one-time-wait-change/app/build/outputs/logs/manifest-merger-release-report.txt
-- Merging decision tree log ---
manifest
ADDED from src\main\AndroidManifest.xml:2:5-15:14
INJECTED from src\main\AndroidManifest.xml:2:5-15:14
INJECTED from src\main\AndroidManifest.xml:2:5-15:14
	package
		ADDED from src\main\AndroidManifest.xml:3:9-49
		INJECTED from src\main\AndroidManifest.xml
		INJECTED from src\main\AndroidManifest.xml
	xmlns:android
		ADDED from src\main\AndroidManifest.xml:2:15-73
application
ADDED from src\main\AndroidManifest.xml:5:5-14:19
	android:label
		ADDED from src\main\AndroidManifest.xml:6:6-42
	android:allowBackup
		ADDED from src\main\AndroidManifest.xml:7:6-33
activity#com.crazyj36.onetimewaitchange.MainActivity
ADDED from src\main\AndroidManifest.xml:8:2-13:13
	android:name
		ADDED from src\main\AndroidManifest.xml:8:12-40
intent-filter#action:name:android.intent.action.MAIN+category:name:android.intent.category.LAUNCHER
ADDED from src\main\AndroidManifest.xml:9:6-12:22
action#android.intent.action.MAIN
ADDED from src\main\AndroidManifest.xml:10:3-54
	android:name
		ADDED from src\main\AndroidManifest.xml:10:11-52
category#android.intent.category.LAUNCHER
ADDED from src\main\AndroidManifest.xml:11:3-62
	android:name
		ADDED from src\main\AndroidManifest.xml:11:13-60
uses-sdk
INJECTED from src\main\AndroidManifest.xml reason: use-sdk injection requested
INJECTED from src\main\AndroidManifest.xml
INJECTED from src\main\AndroidManifest.xml
	android:targetSdkVersion
		INJECTED from src\main\AndroidManifest.xml
		ADDED from src\main\AndroidManifest.xml
		INJECTED from src\main\AndroidManifest.xml